<test_root><test_node>100</test_node></test_root>
<test_root><test_node>101</test_node></test_root>
<test_root><test_node>102</test_node></test_root>
<test_root><test_node>103</test_node></test_root>
<test_root><test_node>104</test_node></test_root>
<test_root><test_node>105</test_node></test_root>
<test_root><test_node>106</test_node></test_root>
<test_root><test_node>107</test_node></test_root>
<test_root><test_node>108</test_node></test_root>
<test_root><test_node>109</test_node></test_root>
<test_root><test_node>abc</test_node></test_root>
<test_root><test_node>cde</test_node></test_root>
<test_root><test_node>def</test_node></test_root>
